<?xml version="1.0" encoding="UTF-8"?>
<testng-results skipped="0" failed="0" total="2" passed="2">
  <reporter-output>
  </reporter-output>
  <suite name="Suite" duration-ms="98512" started-at="2018-11-28T12:07:01Z" finished-at="2018-11-28T12:08:39Z">
    <groups>
    </groups>
    <test name="Test" duration-ms="98512" started-at="2018-11-28T12:07:01Z" finished-at="2018-11-28T12:08:39Z">
      <class name="robi.Login">
        <test-method status="PASS" signature="launch()[pri:0, instance:robi.Login@340f438e]" name="launch" is-config="true" duration-ms="6979" started-at="2018-11-28T17:37:01Z" finished-at="2018-11-28T17:37:08Z">
          <reporter-output>
          </reporter-output>
        </test-method> <!-- launch -->
        <test-method status="PASS" signature="login()[pri:0, instance:robi.Login@340f438e]" name="login" duration-ms="10476" started-at="2018-11-28T17:37:08Z" finished-at="2018-11-28T17:37:18Z">
          <reporter-output>
          </reporter-output>
        </test-method> <!-- login -->
        <test-method status="PASS" signature="packcheck()[pri:1, instance:robi.Login@340f438e]" name="packcheck" duration-ms="76773" started-at="2018-11-28T17:37:18Z" finished-at="2018-11-28T17:38:35Z">
          <reporter-output>
          </reporter-output>
        </test-method> <!-- packcheck -->
        <test-method status="PASS" signature="Report()[pri:0, instance:robi.Login@340f438e]" name="Report" is-config="true" duration-ms="4273" started-at="2018-11-28T17:38:35Z" finished-at="2018-11-28T17:38:39Z">
          <reporter-output>
          </reporter-output>
        </test-method> <!-- Report -->
      </class> <!-- robi.Login -->
    </test> <!-- Test -->
  </suite> <!-- Suite -->
</testng-results>
